<?xml version="1.0" encoding="UTF-8"?>
<testsuite name="UnitTests" tests="5" skipped="0" failures="0" errors="0" timestamp="2024-09-09T10:57:07" hostname="DESKTOP-T1609M5" time="0.036">
  <properties/>
  <testcase name="TestSameArray()" classname="UnitTests" time="0.023"/>
  <testcase name="TestClassArray()" classname="UnitTests" time="0.001"/>
  <testcase name="TwoElemsArray()" classname="UnitTests" time="0.001"/>
  <testcase name="TestNegativeArray()" classname="UnitTests" time="0.001"/>
  <testcase name="TestEmptyArray()" classname="UnitTests" time="0.004"/>
  <system-out><![CDATA[]]></system-out>
  <system-err><![CDATA[]]></system-err>
</testsuite>
